[HWRS] org.springframework.web.context.ContextLoader.initWebApplicationContext(ContextLoader.java:215) 15-04-04 12:02:39 ERROR context.ContextLoader: Context initialization failed
org.springframework.beans.factory.xml.XmlBeanDefinitionStoreException: Line 26 in XML document from ServletContext resource [/WEB-INF/applicationContext-report.xml] is invalid; nested exception is org.xml.sax.SAXParseException; lineNumber: 26; columnNumber: 6; The string "--" is not permitted within comments.
	at org.springframework.beans.factory.xml.XmlBeanDefinitionReader.doLoadBeanDefinitions(XmlBeanDefinitionReader.java:404)
	at org.springframework.beans.factory.xml.XmlBeanDefinitionReader.loadBeanDefinitions(XmlBeanDefinitionReader.java:342)
	at org.springframework.beans.factory.xml.XmlBeanDefinitionReader.loadBeanDefinitions(XmlBeanDefinitionReader.java:310)
	at org.springframework.beans.factory.support.AbstractBeanDefinitionReader.loadBeanDefinitions(AbstractBeanDefinitionReader.java:143)
	at org.springframework.beans.factory.support.AbstractBeanDefinitionReader.loadBeanDefinitions(AbstractBeanDefinitionReader.java:178)
	at org.springframework.beans.factory.support.AbstractBeanDefinitionReader.loadBeanDefinitions(AbstractBeanDefinitionReader.java:149)
	at org.springframework.web.context.support.XmlWebApplicationContext.loadBeanDefinitions(XmlWebApplicationContext.java:124)
	at org.springframework.web.context.support.XmlWebApplicationContext.loadBeanDefinitions(XmlWebApplicationContext.java:92)
	at org.springframework.context.support.AbstractRefreshableApplicationContext.refreshBeanFactory(AbstractRefreshableApplicationContext.java:123)
	at org.springframework.context.support.AbstractApplicationContext.obtainFreshBeanFactory(AbstractApplicationContext.java:422)
	at org.springframework.context.support.AbstractApplicationContext.refresh(AbstractApplicationContext.java:352)
	at org.springframework.web.context.ContextLoader.createWebApplicationContext(ContextLoader.java:255)
	at org.springframework.web.context.ContextLoader.initWebApplicationContext(ContextLoader.java:199)
	at org.springframework.web.context.ContextLoaderListener.contextInitialized(ContextLoaderListener.java:45)
	at org.apache.catalina.core.StandardContext.listenerStart(StandardContext.java:4797)
	at org.apache.catalina.core.StandardContext.startInternal(StandardContext.java:5221)
	at org.apache.catalina.util.LifecycleBase.start(LifecycleBase.java:150)
	at org.apache.catalina.core.ContainerBase.addChildInternal(ContainerBase.java:724)
	at org.apache.catalina.core.ContainerBase.addChild(ContainerBase.java:700)
	at org.apache.catalina.core.StandardHost.addChild(StandardHost.java:714)
	at org.apache.catalina.startup.HostConfig.deployDescriptor(HostConfig.java:581)
	at org.apache.catalina.startup.HostConfig$DeployDescriptor.run(HostConfig.java:1685)
	at java.util.concurrent.Executors$RunnableAdapter.call(Unknown Source)
	at java.util.concurrent.FutureTask.run(Unknown Source)
	at java.util.concurrent.ThreadPoolExecutor.runWorker(Unknown Source)
	at java.util.concurrent.ThreadPoolExecutor$Worker.run(Unknown Source)
	at java.lang.Thread.run(Unknown Source)
Caused by: org.xml.sax.SAXParseException; lineNumber: 26; columnNumber: 6; The string "--" is not permitted within comments.
	at com.sun.org.apache.xerces.internal.util.ErrorHandlerWrapper.createSAXParseException(Unknown Source)
	at com.sun.org.apache.xerces.internal.util.ErrorHandlerWrapper.fatalError(Unknown Source)
	at com.sun.org.apache.xerces.internal.impl.XMLErrorReporter.reportError(Unknown Source)
	at com.sun.org.apache.xerces.internal.impl.XMLErrorReporter.reportError(Unknown Source)
	at com.sun.org.apache.xerces.internal.impl.XMLScanner.reportFatalError(Unknown Source)
	at com.sun.org.apache.xerces.internal.impl.XMLScanner.scanComment(Unknown Source)
	at com.sun.org.apache.xerces.internal.impl.XMLDocumentFragmentScannerImpl.scanComment(Unknown Source)
	at com.sun.org.apache.xerces.internal.impl.XMLDocumentFragmentScannerImpl$FragmentContentDriver.next(Unknown Source)
	at com.sun.org.apache.xerces.internal.impl.XMLDocumentScannerImpl.next(Unknown Source)
	at com.sun.org.apache.xerces.internal.impl.XMLNSDocumentScannerImpl.next(Unknown Source)
	at com.sun.org.apache.xerces.internal.impl.XMLDocumentFragmentScannerImpl.scanDocument(Unknown Source)
	at com.sun.org.apache.xerces.internal.parsers.XML11Configuration.parse(Unknown Source)
	at com.sun.org.apache.xerces.internal.parsers.XML11Configuration.parse(Unknown Source)
	at com.sun.org.apache.xerces.internal.parsers.XMLParser.parse(Unknown Source)
	at com.sun.org.apache.xerces.internal.parsers.DOMParser.parse(Unknown Source)
	at com.sun.org.apache.xerces.internal.jaxp.DocumentBuilderImpl.parse(Unknown Source)
	at org.springframework.beans.factory.xml.DefaultDocumentLoader.loadDocument(DefaultDocumentLoader.java:75)
	at org.springframework.beans.factory.xml.XmlBeanDefinitionReader.doLoadBeanDefinitions(XmlBeanDefinitionReader.java:396)
	... 26 more
[HWRS] org.springframework.web.context.ContextLoader.initWebApplicationContext(ContextLoader.java:215) 15-04-04 12:03:29 ERROR context.ContextLoader: Context initialization failed
org.springframework.beans.factory.xml.XmlBeanDefinitionStoreException: Line 29 in XML document from ServletContext resource [/WEB-INF/applicationContext-report.xml] is invalid; nested exception is org.xml.sax.SAXParseException; lineNumber: 29; columnNumber: 6; The string "--" is not permitted within comments.
	at org.springframework.beans.factory.xml.XmlBeanDefinitionReader.doLoadBeanDefinitions(XmlBeanDefinitionReader.java:404)
	at org.springframework.beans.factory.xml.XmlBeanDefinitionReader.loadBeanDefinitions(XmlBeanDefinitionReader.java:342)
	at org.springframework.beans.factory.xml.XmlBeanDefinitionReader.loadBeanDefinitions(XmlBeanDefinitionReader.java:310)
	at org.springframework.beans.factory.support.AbstractBeanDefinitionReader.loadBeanDefinitions(AbstractBeanDefinitionReader.java:143)
	at org.springframework.beans.factory.support.AbstractBeanDefinitionReader.loadBeanDefinitions(AbstractBeanDefinitionReader.java:178)
	at org.springframework.beans.factory.support.AbstractBeanDefinitionReader.loadBeanDefinitions(AbstractBeanDefinitionReader.java:149)
	at org.springframework.web.context.support.XmlWebApplicationContext.loadBeanDefinitions(XmlWebApplicationContext.java:124)
	at org.springframework.web.context.support.XmlWebApplicationContext.loadBeanDefinitions(XmlWebApplicationContext.java:92)
	at org.springframework.context.support.AbstractRefreshableApplicationContext.refreshBeanFactory(AbstractRefreshableApplicationContext.java:123)
	at org.springframework.context.support.AbstractApplicationContext.obtainFreshBeanFactory(AbstractApplicationContext.java:422)
	at org.springframework.context.support.AbstractApplicationContext.refresh(AbstractApplicationContext.java:352)
	at org.springframework.web.context.ContextLoader.createWebApplicationContext(ContextLoader.java:255)
	at org.springframework.web.context.ContextLoader.initWebApplicationContext(ContextLoader.java:199)
	at org.springframework.web.context.ContextLoaderListener.contextInitialized(ContextLoaderListener.java:45)
	at org.apache.catalina.core.StandardContext.listenerStart(StandardContext.java:4797)
	at org.apache.catalina.core.StandardContext.startInternal(StandardContext.java:5221)
	at org.apache.catalina.util.LifecycleBase.start(LifecycleBase.java:150)
	at org.apache.catalina.core.ContainerBase.addChildInternal(ContainerBase.java:724)
	at org.apache.catalina.core.ContainerBase.addChild(ContainerBase.java:700)
	at org.apache.catalina.core.StandardHost.addChild(StandardHost.java:714)
	at org.apache.catalina.startup.HostConfig.deployDescriptor(HostConfig.java:581)
	at org.apache.catalina.startup.HostConfig$DeployDescriptor.run(HostConfig.java:1685)
	at java.util.concurrent.Executors$RunnableAdapter.call(Unknown Source)
	at java.util.concurrent.FutureTask.run(Unknown Source)
	at java.util.concurrent.ThreadPoolExecutor.runWorker(Unknown Source)
	at java.util.concurrent.ThreadPoolExecutor$Worker.run(Unknown Source)
	at java.lang.Thread.run(Unknown Source)
Caused by: org.xml.sax.SAXParseException; lineNumber: 29; columnNumber: 6; The string "--" is not permitted within comments.
	at com.sun.org.apache.xerces.internal.util.ErrorHandlerWrapper.createSAXParseException(Unknown Source)
	at com.sun.org.apache.xerces.internal.util.ErrorHandlerWrapper.fatalError(Unknown Source)
	at com.sun.org.apache.xerces.internal.impl.XMLErrorReporter.reportError(Unknown Source)
	at com.sun.org.apache.xerces.internal.impl.XMLErrorReporter.reportError(Unknown Source)
	at com.sun.org.apache.xerces.internal.impl.XMLScanner.reportFatalError(Unknown Source)
	at com.sun.org.apache.xerces.internal.impl.XMLScanner.scanComment(Unknown Source)
	at com.sun.org.apache.xerces.internal.impl.XMLDocumentFragmentScannerImpl.scanComment(Unknown Source)
	at com.sun.org.apache.xerces.internal.impl.XMLDocumentFragmentScannerImpl$FragmentContentDriver.next(Unknown Source)
	at com.sun.org.apache.xerces.internal.impl.XMLDocumentScannerImpl.next(Unknown Source)
	at com.sun.org.apache.xerces.internal.impl.XMLNSDocumentScannerImpl.next(Unknown Source)
	at com.sun.org.apache.xerces.internal.impl.XMLDocumentFragmentScannerImpl.scanDocument(Unknown Source)
	at com.sun.org.apache.xerces.internal.parsers.XML11Configuration.parse(Unknown Source)
	at com.sun.org.apache.xerces.internal.parsers.XML11Configuration.parse(Unknown Source)
	at com.sun.org.apache.xerces.internal.parsers.XMLParser.parse(Unknown Source)
	at com.sun.org.apache.xerces.internal.parsers.DOMParser.parse(Unknown Source)
	at com.sun.org.apache.xerces.internal.jaxp.DocumentBuilderImpl.parse(Unknown Source)
	at org.springframework.beans.factory.xml.DefaultDocumentLoader.loadDocument(DefaultDocumentLoader.java:75)
	at org.springframework.beans.factory.xml.XmlBeanDefinitionReader.doLoadBeanDefinitions(XmlBeanDefinitionReader.java:396)
	... 26 more
[HWRS] org.springframework.web.context.ContextLoader.initWebApplicationContext(ContextLoader.java:215) 15-04-04 12:04:06 ERROR context.ContextLoader: Context initialization failed
org.springframework.beans.factory.BeanInitializationException: Could not load properties; nested exception is java.io.FileNotFoundException: class path resource [app.properties] cannot be opened because it does not exist
	at org.springframework.beans.factory.config.PropertyResourceConfigurer.postProcessBeanFactory(PropertyResourceConfigurer.java:78)
	at org.springframework.context.support.AbstractApplicationContext.invokeBeanFactoryPostProcessors(AbstractApplicationContext.java:553)
	at org.springframework.context.support.AbstractApplicationContext.invokeBeanFactoryPostProcessors(AbstractApplicationContext.java:527)
	at org.springframework.context.support.AbstractApplicationContext.refresh(AbstractApplicationContext.java:362)
	at org.springframework.web.context.ContextLoader.createWebApplicationContext(ContextLoader.java:255)
	at org.springframework.web.context.ContextLoader.initWebApplicationContext(ContextLoader.java:199)
	at org.springframework.web.context.ContextLoaderListener.contextInitialized(ContextLoaderListener.java:45)
	at org.apache.catalina.core.StandardContext.listenerStart(StandardContext.java:4797)
	at org.apache.catalina.core.StandardContext.startInternal(StandardContext.java:5221)
	at org.apache.catalina.util.LifecycleBase.start(LifecycleBase.java:150)
	at org.apache.catalina.core.ContainerBase.addChildInternal(ContainerBase.java:724)
	at org.apache.catalina.core.ContainerBase.addChild(ContainerBase.java:700)
	at org.apache.catalina.core.StandardHost.addChild(StandardHost.java:714)
	at org.apache.catalina.startup.HostConfig.deployDescriptor(HostConfig.java:581)
	at org.apache.catalina.startup.HostConfig$DeployDescriptor.run(HostConfig.java:1685)
	at java.util.concurrent.Executors$RunnableAdapter.call(Unknown Source)
	at java.util.concurrent.FutureTask.run(Unknown Source)
	at java.util.concurrent.ThreadPoolExecutor.runWorker(Unknown Source)
	at java.util.concurrent.ThreadPoolExecutor$Worker.run(Unknown Source)
	at java.lang.Thread.run(Unknown Source)
Caused by: java.io.FileNotFoundException: class path resource [app.properties] cannot be opened because it does not exist
	at org.springframework.core.io.ClassPathResource.getInputStream(ClassPathResource.java:143)
	at org.springframework.core.io.support.PropertiesLoaderSupport.loadProperties(PropertiesLoaderSupport.java:182)
	at org.springframework.core.io.support.PropertiesLoaderSupport.mergeProperties(PropertiesLoaderSupport.java:161)
	at org.springframework.beans.factory.config.PropertyResourceConfigurer.postProcessBeanFactory(PropertyResourceConfigurer.java:69)
	... 19 more
[HWRS] org.springframework.web.context.ContextLoader.initWebApplicationContext(ContextLoader.java:215) 15-04-04 12:15:48 ERROR context.ContextLoader: Context initialization failed
org.springframework.beans.factory.BeanInitializationException: Could not load properties; nested exception is java.io.FileNotFoundException: class path resource [app.properties] cannot be opened because it does not exist
	at org.springframework.beans.factory.config.PropertyResourceConfigurer.postProcessBeanFactory(PropertyResourceConfigurer.java:78)
	at org.springframework.context.support.AbstractApplicationContext.invokeBeanFactoryPostProcessors(AbstractApplicationContext.java:553)
	at org.springframework.context.support.AbstractApplicationContext.invokeBeanFactoryPostProcessors(AbstractApplicationContext.java:527)
	at org.springframework.context.support.AbstractApplicationContext.refresh(AbstractApplicationContext.java:362)
	at org.springframework.web.context.ContextLoader.createWebApplicationContext(ContextLoader.java:255)
	at org.springframework.web.context.ContextLoader.initWebApplicationContext(ContextLoader.java:199)
	at org.springframework.web.context.ContextLoaderListener.contextInitialized(ContextLoaderListener.java:45)
	at org.apache.catalina.core.StandardContext.listenerStart(StandardContext.java:4797)
	at org.apache.catalina.core.StandardContext.startInternal(StandardContext.java:5221)
	at org.apache.catalina.util.LifecycleBase.start(LifecycleBase.java:150)
	at org.apache.catalina.core.ContainerBase.addChildInternal(ContainerBase.java:724)
	at org.apache.catalina.core.ContainerBase.addChild(ContainerBase.java:700)
	at org.apache.catalina.core.StandardHost.addChild(StandardHost.java:714)
	at org.apache.catalina.startup.HostConfig.deployDescriptor(HostConfig.java:581)
	at org.apache.catalina.startup.HostConfig$DeployDescriptor.run(HostConfig.java:1685)
	at java.util.concurrent.Executors$RunnableAdapter.call(Unknown Source)
	at java.util.concurrent.FutureTask.run(Unknown Source)
	at java.util.concurrent.ThreadPoolExecutor.runWorker(Unknown Source)
	at java.util.concurrent.ThreadPoolExecutor$Worker.run(Unknown Source)
	at java.lang.Thread.run(Unknown Source)
Caused by: java.io.FileNotFoundException: class path resource [app.properties] cannot be opened because it does not exist
	at org.springframework.core.io.ClassPathResource.getInputStream(ClassPathResource.java:143)
	at org.springframework.core.io.support.PropertiesLoaderSupport.loadProperties(PropertiesLoaderSupport.java:182)
	at org.springframework.core.io.support.PropertiesLoaderSupport.mergeProperties(PropertiesLoaderSupport.java:161)
	at org.springframework.beans.factory.config.PropertyResourceConfigurer.postProcessBeanFactory(PropertyResourceConfigurer.java:69)
	... 19 more
[HWRS] org.springframework.web.context.ContextLoader.initWebApplicationContext(ContextLoader.java:215) 15-04-04 13:01:34 ERROR context.ContextLoader: Context initialization failed
org.springframework.beans.factory.BeanInitializationException: Could not load properties; nested exception is java.io.FileNotFoundException: class path resource [app.properties] cannot be opened because it does not exist
	at org.springframework.beans.factory.config.PropertyResourceConfigurer.postProcessBeanFactory(PropertyResourceConfigurer.java:78)
	at org.springframework.context.support.AbstractApplicationContext.invokeBeanFactoryPostProcessors(AbstractApplicationContext.java:553)
	at org.springframework.context.support.AbstractApplicationContext.invokeBeanFactoryPostProcessors(AbstractApplicationContext.java:527)
	at org.springframework.context.support.AbstractApplicationContext.refresh(AbstractApplicationContext.java:362)
	at org.springframework.web.context.ContextLoader.createWebApplicationContext(ContextLoader.java:255)
	at org.springframework.web.context.ContextLoader.initWebApplicationContext(ContextLoader.java:199)
	at org.springframework.web.context.ContextLoaderListener.contextInitialized(ContextLoaderListener.java:45)
	at org.apache.catalina.core.StandardContext.listenerStart(StandardContext.java:4797)
	at org.apache.catalina.core.StandardContext.startInternal(StandardContext.java:5221)
	at org.apache.catalina.util.LifecycleBase.start(LifecycleBase.java:150)
	at org.apache.catalina.core.ContainerBase.addChildInternal(ContainerBase.java:724)
	at org.apache.catalina.core.ContainerBase.addChild(ContainerBase.java:700)
	at org.apache.catalina.core.StandardHost.addChild(StandardHost.java:714)
	at org.apache.catalina.startup.HostConfig.deployDescriptor(HostConfig.java:581)
	at org.apache.catalina.startup.HostConfig$DeployDescriptor.run(HostConfig.java:1685)
	at java.util.concurrent.Executors$RunnableAdapter.call(Unknown Source)
	at java.util.concurrent.FutureTask.run(Unknown Source)
	at java.util.concurrent.ThreadPoolExecutor.runWorker(Unknown Source)
	at java.util.concurrent.ThreadPoolExecutor$Worker.run(Unknown Source)
	at java.lang.Thread.run(Unknown Source)
Caused by: java.io.FileNotFoundException: class path resource [app.properties] cannot be opened because it does not exist
	at org.springframework.core.io.ClassPathResource.getInputStream(ClassPathResource.java:143)
	at org.springframework.core.io.support.PropertiesLoaderSupport.loadProperties(PropertiesLoaderSupport.java:182)
	at org.springframework.core.io.support.PropertiesLoaderSupport.mergeProperties(PropertiesLoaderSupport.java:161)
	at org.springframework.beans.factory.config.PropertyResourceConfigurer.postProcessBeanFactory(PropertyResourceConfigurer.java:69)
	... 19 more
[HWRS] org.springframework.web.context.ContextLoader.initWebApplicationContext(ContextLoader.java:215) 15-04-04 13:14:06 ERROR context.ContextLoader: Context initialization failed
org.springframework.beans.factory.CannotLoadBeanClassException: Cannot find class [com.renren.acorn.web.util.SpringContextHolder] for bean with name 'springContextHolder' defined in ServletContext resource [/WEB-INF/applicationContext-base.xml]; nested exception is java.lang.ClassNotFoundException: com.renren.acorn.web.util.SpringContextHolder
	at org.springframework.beans.factory.support.AbstractBeanFactory.resolveBeanClass(AbstractBeanFactory.java:1141)
	at org.springframework.beans.factory.support.AbstractAutowireCapableBeanFactory.predictBeanType(AbstractAutowireCapableBeanFactory.java:524)
	at org.springframework.beans.factory.support.AbstractBeanFactory.isFactoryBean(AbstractBeanFactory.java:1177)
	at org.springframework.beans.factory.support.AbstractBeanFactory.isFactoryBean(AbstractBeanFactory.java:758)
	at org.springframework.beans.factory.support.DefaultListableBeanFactory.preInstantiateSingletons(DefaultListableBeanFactory.java:422)
	at org.springframework.context.support.AbstractApplicationContext.finishBeanFactoryInitialization(AbstractApplicationContext.java:728)
	at org.springframework.context.support.AbstractApplicationContext.refresh(AbstractApplicationContext.java:380)
	at org.springframework.web.context.ContextLoader.createWebApplicationContext(ContextLoader.java:255)
	at org.springframework.web.context.ContextLoader.initWebApplicationContext(ContextLoader.java:199)
	at org.springframework.web.context.ContextLoaderListener.contextInitialized(ContextLoaderListener.java:45)
	at org.apache.catalina.core.StandardContext.listenerStart(StandardContext.java:4797)
	at org.apache.catalina.core.StandardContext.startInternal(StandardContext.java:5221)
	at org.apache.catalina.util.LifecycleBase.start(LifecycleBase.java:150)
	at org.apache.catalina.core.ContainerBase.addChildInternal(ContainerBase.java:724)
	at org.apache.catalina.core.ContainerBase.addChild(ContainerBase.java:700)
	at org.apache.catalina.core.StandardHost.addChild(StandardHost.java:714)
	at org.apache.catalina.startup.HostConfig.deployDescriptor(HostConfig.java:581)
	at org.apache.catalina.startup.HostConfig$DeployDescriptor.run(HostConfig.java:1685)
	at java.util.concurrent.Executors$RunnableAdapter.call(Unknown Source)
	at java.util.concurrent.FutureTask.run(Unknown Source)
	at java.util.concurrent.ThreadPoolExecutor.runWorker(Unknown Source)
	at java.util.concurrent.ThreadPoolExecutor$Worker.run(Unknown Source)
	at java.lang.Thread.run(Unknown Source)
Caused by: java.lang.ClassNotFoundException: com.renren.acorn.web.util.SpringContextHolder
	at org.apache.catalina.loader.WebappClassLoaderBase.loadClass(WebappClassLoaderBase.java:1293)
	at org.apache.catalina.loader.WebappClassLoaderBase.loadClass(WebappClassLoaderBase.java:1145)
	at org.springframework.util.ClassUtils.forName(ClassUtils.java:211)
	at org.springframework.beans.factory.support.AbstractBeanDefinition.resolveBeanClass(AbstractBeanDefinition.java:385)
	at org.springframework.beans.factory.support.AbstractBeanFactory.resolveBeanClass(AbstractBeanFactory.java:1138)
	... 22 more
[HWRS] com.opensymphony.xwork2.util.logging.commons.CommonsLogger.warn(CommonsLogger.java:45) 15-04-04 13:16:48 WARN providers.XmlConfigurationProvider: no default parameter defined for result of type json
[HWRS] com.opensymphony.xwork2.util.logging.commons.CommonsLogger.warn(CommonsLogger.java:45) 15-04-04 13:16:48 WARN providers.XmlConfigurationProvider: no default parameter defined for result of type json
[HWRS] com.opensymphony.xwork2.util.logging.commons.CommonsLogger.warn(CommonsLogger.java:45) 15-04-04 13:16:48 WARN providers.XmlConfigurationProvider: no default parameter defined for result of type json
[HWRS] com.opensymphony.xwork2.util.logging.commons.CommonsLogger.warn(CommonsLogger.java:45) 15-04-04 13:16:48 WARN providers.XmlConfigurationProvider: no default parameter defined for result of type json
[HWRS] com.opensymphony.xwork2.util.logging.commons.CommonsLogger.error(CommonsLogger.java:23) 15-04-04 13:16:48 ERROR providers.XmlConfigurationProvider: Unable to find parent packages acorn
[HWRS] com.opensymphony.xwork2.util.logging.commons.CommonsLogger.warn(CommonsLogger.java:45) 15-04-04 13:25:06 WARN providers.XmlConfigurationProvider: no default parameter defined for result of type json
[HWRS] com.opensymphony.xwork2.util.logging.commons.CommonsLogger.warn(CommonsLogger.java:45) 15-04-04 13:25:06 WARN providers.XmlConfigurationProvider: no default parameter defined for result of type json
[HWRS] com.opensymphony.xwork2.util.logging.commons.CommonsLogger.warn(CommonsLogger.java:45) 15-04-04 13:25:06 WARN providers.XmlConfigurationProvider: no default parameter defined for result of type json
[HWRS] com.opensymphony.xwork2.util.logging.commons.CommonsLogger.warn(CommonsLogger.java:45) 15-04-04 13:25:06 WARN providers.XmlConfigurationProvider: no default parameter defined for result of type json
[HWRS] com.opensymphony.xwork2.util.logging.commons.CommonsLogger.error(CommonsLogger.java:23) 15-04-04 13:25:06 ERROR providers.XmlConfigurationProvider: Unable to find parent packages acorn
[HWRS] com.opensymphony.xwork2.util.logging.commons.CommonsLogger.error(CommonsLogger.java:27) 15-04-04 13:45:56 ERROR dispatcher.Dispatcher: Dispatcher initialization failed
Unable to load configuration. - bean - jar:file:/C:/Users/Bowem/workspace/HistoricalWeatherReportingSystem/WebContent/WEB-INF/lib/struts2-core-2.3.20.jar!/struts-default.xml:57:72
	at com.opensymphony.xwork2.config.ConfigurationManager.getConfiguration(ConfigurationManager.java:58)
	at org.apache.struts2.dispatcher.Dispatcher.init_PreloadConfiguration(Dispatcher.java:374)
	at org.apache.struts2.dispatcher.Dispatcher.init(Dispatcher.java:418)
	at org.apache.struts2.dispatcher.ng.InitOperations.initDispatcher(InitOperations.java:69)
	at org.apache.struts2.dispatcher.ng.filter.StrutsPrepareAndExecuteFilter.init(StrutsPrepareAndExecuteFilter.java:51)
	at org.apache.catalina.core.ApplicationFilterConfig.initFilter(ApplicationFilterConfig.java:279)
	at org.apache.catalina.core.ApplicationFilterConfig.getFilter(ApplicationFilterConfig.java:260)
	at org.apache.catalina.core.ApplicationFilterConfig.<init>(ApplicationFilterConfig.java:105)
	at org.apache.catalina.core.StandardContext.filterStart(StandardContext.java:4640)
	at org.apache.catalina.core.StandardContext.startInternal(StandardContext.java:5247)
	at org.apache.catalina.util.LifecycleBase.start(LifecycleBase.java:150)
	at org.apache.catalina.core.ContainerBase.addChildInternal(ContainerBase.java:724)
	at org.apache.catalina.core.ContainerBase.addChild(ContainerBase.java:700)
	at org.apache.catalina.core.StandardHost.addChild(StandardHost.java:714)
	at org.apache.catalina.startup.HostConfig.deployDescriptor(HostConfig.java:581)
	at org.apache.catalina.startup.HostConfig$DeployDescriptor.run(HostConfig.java:1685)
	at java.util.concurrent.Executors$RunnableAdapter.call(Unknown Source)
	at java.util.concurrent.FutureTask.run(Unknown Source)
	at java.util.concurrent.ThreadPoolExecutor.runWorker(Unknown Source)
	at java.util.concurrent.ThreadPoolExecutor$Worker.run(Unknown Source)
	at java.lang.Thread.run(Unknown Source)
Caused by: Unable to load bean: type: class:com.opensymphony.xwork2.ObjectFactory - bean - jar:file:/C:/Users/Bowem/workspace/HistoricalWeatherReportingSystem/WebContent/WEB-INF/lib/struts2-core-2.3.20.jar!/struts-default.xml:57:72
	at com.opensymphony.xwork2.config.providers.XmlConfigurationProvider.register(XmlConfigurationProvider.java:221)
	at org.apache.struts2.config.StrutsXmlConfigurationProvider.register(StrutsXmlConfigurationProvider.java:101)
	at com.opensymphony.xwork2.config.impl.DefaultConfiguration.reloadContainer(DefaultConfiguration.java:169)
	at com.opensymphony.xwork2.config.ConfigurationManager.getConfiguration(ConfigurationManager.java:55)
	... 20 more
Caused by: Bean type class com.opensymphony.xwork2.ObjectFactory with the name struts has already been loaded by bean - jar:file:/C:/Users/Bowem/workspace/HistoricalWeatherReportingSystem/WebContent/WEB-INF/lib/struts2-core-2.1.8.jar!/struts-default.xml:30:124 - bean - jar:file:/C:/Users/Bowem/workspace/HistoricalWeatherReportingSystem/WebContent/WEB-INF/lib/struts2-core-2.3.20.jar!/struts-default.xml:57:72
	at com.opensymphony.xwork2.config.providers.XmlConfigurationProvider.register(XmlConfigurationProvider.java:205)
	... 23 more
[HWRS] com.opensymphony.xwork2.util.logging.commons.CommonsLogger.error(CommonsLogger.java:27) 15-04-04 13:52:23 ERROR dispatcher.Dispatcher: Dispatcher initialization failed
Unable to load configuration. - bean - jar:file:/C:/Users/Bowem/workspace/HistoricalWeatherReportingSystem/WebContent/WEB-INF/lib/struts2-gxp-plugin-2.3.20.jar!/struts-plugin.xml:8:162
	at com.opensymphony.xwork2.config.ConfigurationManager.getConfiguration(ConfigurationManager.java:58)
	at org.apache.struts2.dispatcher.Dispatcher.getContainer(Dispatcher.java:967)
	at org.apache.struts2.dispatcher.Dispatcher.init_PreloadConfiguration(Dispatcher.java:435)
	at org.apache.struts2.dispatcher.Dispatcher.init(Dispatcher.java:479)
	at org.apache.struts2.dispatcher.ng.InitOperations.initDispatcher(InitOperations.java:74)
	at org.apache.struts2.dispatcher.ng.filter.StrutsPrepareAndExecuteFilter.init(StrutsPrepareAndExecuteFilter.java:57)
	at org.apache.catalina.core.ApplicationFilterConfig.initFilter(ApplicationFilterConfig.java:279)
	at org.apache.catalina.core.ApplicationFilterConfig.getFilter(ApplicationFilterConfig.java:260)
	at org.apache.catalina.core.ApplicationFilterConfig.<init>(ApplicationFilterConfig.java:105)
	at org.apache.catalina.core.StandardContext.filterStart(StandardContext.java:4640)
	at org.apache.catalina.core.StandardContext.startInternal(StandardContext.java:5247)
	at org.apache.catalina.util.LifecycleBase.start(LifecycleBase.java:150)
	at org.apache.catalina.core.ContainerBase.addChildInternal(ContainerBase.java:724)
	at org.apache.catalina.core.ContainerBase.addChild(ContainerBase.java:700)
	at org.apache.catalina.core.StandardHost.addChild(StandardHost.java:714)
	at org.apache.catalina.startup.HostConfig.deployDescriptor(HostConfig.java:581)
	at org.apache.catalina.startup.HostConfig$DeployDescriptor.run(HostConfig.java:1685)
	at java.util.concurrent.Executors$RunnableAdapter.call(Unknown Source)
	at java.util.concurrent.FutureTask.run(Unknown Source)
	at java.util.concurrent.ThreadPoolExecutor.runWorker(Unknown Source)
	at java.util.concurrent.ThreadPoolExecutor$Worker.run(Unknown Source)
	at java.lang.Thread.run(Unknown Source)
Caused by: Unable to load bean: type:org.apache.struts2.views.gxp.inject.InjectedObjectContainer class:org.apache.struts2.views.gxp.inject.InjectedObjectContainer - bean - jar:file:/C:/Users/Bowem/workspace/HistoricalWeatherReportingSystem/WebContent/WEB-INF/lib/struts2-gxp-plugin-2.3.20.jar!/struts-plugin.xml:8:162
	at com.opensymphony.xwork2.config.providers.XmlConfigurationProvider.register(XmlConfigurationProvider.java:221)
	at org.apache.struts2.config.StrutsXmlConfigurationProvider.register(StrutsXmlConfigurationProvider.java:102)
	at com.opensymphony.xwork2.config.impl.DefaultConfiguration.reloadContainer(DefaultConfiguration.java:169)
	at com.opensymphony.xwork2.config.ConfigurationManager.getConfiguration(ConfigurationManager.java:55)
	... 21 more
Caused by: java.lang.ClassNotFoundException: org.apache.struts2.views.gxp.inject.InjectedObjectContainer
	at org.apache.catalina.loader.WebappClassLoaderBase.loadClass(WebappClassLoaderBase.java:1293)
	at org.apache.catalina.loader.WebappClassLoaderBase.loadClass(WebappClassLoaderBase.java:1145)
	at com.opensymphony.xwork2.util.ClassLoaderUtil.loadClass(ClassLoaderUtil.java:146)
	at com.opensymphony.xwork2.config.providers.XmlConfigurationProvider.register(XmlConfigurationProvider.java:192)
	... 24 more
[HWRS] com.opensymphony.xwork2.util.logging.commons.CommonsLogger.error(CommonsLogger.java:27) 15-04-04 13:55:06 ERROR dispatcher.Dispatcher: Dispatcher initialization failed
Unable to load configuration. - bean - jar:file:/C:/Users/Bowem/workspace/HistoricalWeatherReportingSystem/WebContent/WEB-INF/lib/struts2-portlet-plugin-2.3.20.jar!/struts-plugin.xml:31:133
	at com.opensymphony.xwork2.config.ConfigurationManager.getConfiguration(ConfigurationManager.java:58)
	at org.apache.struts2.dispatcher.Dispatcher.getContainer(Dispatcher.java:967)
	at org.apache.struts2.dispatcher.Dispatcher.init_PreloadConfiguration(Dispatcher.java:435)
	at org.apache.struts2.dispatcher.Dispatcher.init(Dispatcher.java:479)
	at org.apache.struts2.dispatcher.ng.InitOperations.initDispatcher(InitOperations.java:74)
	at org.apache.struts2.dispatcher.ng.filter.StrutsPrepareAndExecuteFilter.init(StrutsPrepareAndExecuteFilter.java:57)
	at org.apache.catalina.core.ApplicationFilterConfig.initFilter(ApplicationFilterConfig.java:279)
	at org.apache.catalina.core.ApplicationFilterConfig.getFilter(ApplicationFilterConfig.java:260)
	at org.apache.catalina.core.ApplicationFilterConfig.<init>(ApplicationFilterConfig.java:105)
	at org.apache.catalina.core.StandardContext.filterStart(StandardContext.java:4640)
	at org.apache.catalina.core.StandardContext.startInternal(StandardContext.java:5247)
	at org.apache.catalina.util.LifecycleBase.start(LifecycleBase.java:150)
	at org.apache.catalina.core.ContainerBase.addChildInternal(ContainerBase.java:724)
	at org.apache.catalina.core.ContainerBase.addChild(ContainerBase.java:700)
	at org.apache.catalina.core.StandardHost.addChild(StandardHost.java:714)
	at org.apache.catalina.startup.HostConfig.deployDescriptor(HostConfig.java:581)
	at org.apache.catalina.startup.HostConfig$DeployDescriptor.run(HostConfig.java:1685)
	at java.util.concurrent.Executors$RunnableAdapter.call(Unknown Source)
	at java.util.concurrent.FutureTask.run(Unknown Source)
	at java.util.concurrent.ThreadPoolExecutor.runWorker(Unknown Source)
	at java.util.concurrent.ThreadPoolExecutor$Worker.run(Unknown Source)
	at java.lang.Thread.run(Unknown Source)
Caused by: Unable to load bean: type:org.apache.struts2.components.UrlRenderer class:org.apache.struts2.components.PortletUrlRenderer - bean - jar:file:/C:/Users/Bowem/workspace/HistoricalWeatherReportingSystem/WebContent/WEB-INF/lib/struts2-portlet-plugin-2.3.20.jar!/struts-plugin.xml:31:133
	at com.opensymphony.xwork2.config.providers.XmlConfigurationProvider.register(XmlConfigurationProvider.java:221)
	at org.apache.struts2.config.StrutsXmlConfigurationProvider.register(StrutsXmlConfigurationProvider.java:102)
	at com.opensymphony.xwork2.config.impl.DefaultConfiguration.reloadContainer(DefaultConfiguration.java:169)
	at com.opensymphony.xwork2.config.ConfigurationManager.getConfiguration(ConfigurationManager.java:55)
	... 21 more
Caused by: java.lang.NoClassDefFoundError: javax/portlet/PortletMode
	at java.lang.Class.getDeclaredConstructors0(Native Method)
	at java.lang.Class.privateGetDeclaredConstructors(Unknown Source)
	at java.lang.Class.getDeclaredConstructors(Unknown Source)
	at com.opensymphony.xwork2.config.providers.XmlConfigurationProvider.register(XmlConfigurationProvider.java:211)
	... 24 more
Caused by: java.lang.ClassNotFoundException: javax.portlet.PortletMode
	at org.apache.catalina.loader.WebappClassLoaderBase.loadClass(WebappClassLoaderBase.java:1293)
	at org.apache.catalina.loader.WebappClassLoaderBase.loadClass(WebappClassLoaderBase.java:1145)
	... 28 more
[HWRS] com.opensymphony.xwork2.util.logging.commons.CommonsLogger.error(CommonsLogger.java:27) 15-04-04 13:56:07 ERROR dispatcher.Dispatcher: Dispatcher initialization failed
Unable to load configuration. - bean - jar:file:/C:/Users/Bowem/workspace/HistoricalWeatherReportingSystem/WebContent/WEB-INF/lib/struts2-spring-plugin-2.3.20.jar!/struts-plugin.xml:29:132
	at com.opensymphony.xwork2.config.ConfigurationManager.getConfiguration(ConfigurationManager.java:58)
	at org.apache.struts2.dispatcher.Dispatcher.getContainer(Dispatcher.java:967)
	at org.apache.struts2.dispatcher.Dispatcher.init_PreloadConfiguration(Dispatcher.java:435)
	at org.apache.struts2.dispatcher.Dispatcher.init(Dispatcher.java:479)
	at org.apache.struts2.dispatcher.ng.InitOperations.initDispatcher(InitOperations.java:74)
	at org.apache.struts2.dispatcher.ng.filter.StrutsPrepareAndExecuteFilter.init(StrutsPrepareAndExecuteFilter.java:57)
	at org.apache.catalina.core.ApplicationFilterConfig.initFilter(ApplicationFilterConfig.java:279)
	at org.apache.catalina.core.ApplicationFilterConfig.getFilter(ApplicationFilterConfig.java:260)
	at org.apache.catalina.core.ApplicationFilterConfig.<init>(ApplicationFilterConfig.java:105)
	at org.apache.catalina.core.StandardContext.filterStart(StandardContext.java:4640)
	at org.apache.catalina.core.StandardContext.startInternal(StandardContext.java:5247)
	at org.apache.catalina.util.LifecycleBase.start(LifecycleBase.java:150)
	at org.apache.catalina.core.ContainerBase.addChildInternal(ContainerBase.java:724)
	at org.apache.catalina.core.ContainerBase.addChild(ContainerBase.java:700)
	at org.apache.catalina.core.StandardHost.addChild(StandardHost.java:714)
	at org.apache.catalina.startup.HostConfig.deployDescriptor(HostConfig.java:581)
	at org.apache.catalina.startup.HostConfig$DeployDescriptor.run(HostConfig.java:1685)
	at java.util.concurrent.Executors$RunnableAdapter.call(Unknown Source)
	at java.util.concurrent.FutureTask.run(Unknown Source)
	at java.util.concurrent.ThreadPoolExecutor.runWorker(Unknown Source)
	at java.util.concurrent.ThreadPoolExecutor$Worker.run(Unknown Source)
	at java.lang.Thread.run(Unknown Source)
Caused by: Unable to load bean: type:com.opensymphony.xwork2.ObjectFactory class:org.apache.struts2.spring.StrutsSpringObjectFactory - bean - jar:file:/C:/Users/Bowem/workspace/HistoricalWeatherReportingSystem/WebContent/WEB-INF/lib/struts2-spring-plugin-2.3.20.jar!/struts-plugin.xml:29:132
	at com.opensymphony.xwork2.config.providers.XmlConfigurationProvider.register(XmlConfigurationProvider.java:221)
	at org.apache.struts2.config.StrutsXmlConfigurationProvider.register(StrutsXmlConfigurationProvider.java:102)
	at com.opensymphony.xwork2.config.impl.DefaultConfiguration.reloadContainer(DefaultConfiguration.java:169)
	at com.opensymphony.xwork2.config.ConfigurationManager.getConfiguration(ConfigurationManager.java:55)
	... 21 more
Caused by: Bean type class com.opensymphony.xwork2.ObjectFactory with the name spring has already been loaded by bean - jar:file:/C:/Users/Bowem/workspace/HistoricalWeatherReportingSystem/WebContent/WEB-INF/lib/struts2-spring-plugin-2.1.8.jar!/struts-plugin.xml:29:132 - bean - jar:file:/C:/Users/Bowem/workspace/HistoricalWeatherReportingSystem/WebContent/WEB-INF/lib/struts2-spring-plugin-2.3.20.jar!/struts-plugin.xml:29:132
	at com.opensymphony.xwork2.config.providers.XmlConfigurationProvider.register(XmlConfigurationProvider.java:205)
	... 24 more
[HWRS] com.opensymphony.xwork2.util.logging.commons.CommonsLogger.error(CommonsLogger.java:27) 15-04-04 13:57:10 ERROR dispatcher.Dispatcher: Dispatcher initialization failed
java.lang.RuntimeException: java.lang.RuntimeException: java.lang.reflect.InvocationTargetException
	at com.opensymphony.xwork2.inject.ContainerImpl$MethodInjector.inject(ContainerImpl.java:295)
	at com.opensymphony.xwork2.inject.ContainerImpl$2.call(ContainerImpl.java:104)
	at com.opensymphony.xwork2.inject.ContainerImpl$2.call(ContainerImpl.java:101)
	at com.opensymphony.xwork2.inject.ContainerImpl.callInContext(ContainerImpl.java:574)
	at com.opensymphony.xwork2.inject.ContainerImpl.injectStatics(ContainerImpl.java:101)
	at com.opensymphony.xwork2.inject.ContainerBuilder.create(ContainerBuilder.java:493)
	at com.opensymphony.xwork2.config.impl.DefaultConfiguration.reloadContainer(DefaultConfiguration.java:184)
	at com.opensymphony.xwork2.config.ConfigurationManager.getConfiguration(ConfigurationManager.java:55)
	at org.apache.struts2.dispatcher.Dispatcher.getContainer(Dispatcher.java:967)
	at org.apache.struts2.dispatcher.Dispatcher.init_PreloadConfiguration(Dispatcher.java:435)
	at org.apache.struts2.dispatcher.Dispatcher.init(Dispatcher.java:479)
	at org.apache.struts2.dispatcher.ng.InitOperations.initDispatcher(InitOperations.java:74)
	at org.apache.struts2.dispatcher.ng.filter.StrutsPrepareAndExecuteFilter.init(StrutsPrepareAndExecuteFilter.java:57)
	at org.apache.catalina.core.ApplicationFilterConfig.initFilter(ApplicationFilterConfig.java:279)
	at org.apache.catalina.core.ApplicationFilterConfig.getFilter(ApplicationFilterConfig.java:260)
	at org.apache.catalina.core.ApplicationFilterConfig.<init>(ApplicationFilterConfig.java:105)
	at org.apache.catalina.core.StandardContext.filterStart(StandardContext.java:4640)
	at org.apache.catalina.core.StandardContext.startInternal(StandardContext.java:5247)
	at org.apache.catalina.util.LifecycleBase.start(LifecycleBase.java:150)
	at org.apache.catalina.core.ContainerBase.addChildInternal(ContainerBase.java:724)
	at org.apache.catalina.core.ContainerBase.addChild(ContainerBase.java:700)
	at org.apache.catalina.core.StandardHost.addChild(StandardHost.java:714)
	at org.apache.catalina.startup.HostConfig.deployDescriptor(HostConfig.java:581)
	at org.apache.catalina.startup.HostConfig$DeployDescriptor.run(HostConfig.java:1685)
	at java.util.concurrent.Executors$RunnableAdapter.call(Unknown Source)
	at java.util.concurrent.FutureTask.run(Unknown Source)
	at java.util.concurrent.ThreadPoolExecutor.runWorker(Unknown Source)
	at java.util.concurrent.ThreadPoolExecutor$Worker.run(Unknown Source)
	at java.lang.Thread.run(Unknown Source)
Caused by: java.lang.RuntimeException: java.lang.reflect.InvocationTargetException
	at com.opensymphony.xwork2.inject.ContainerImpl$MethodInjector.inject(ContainerImpl.java:295)
	at com.opensymphony.xwork2.inject.ContainerImpl$ConstructorInjector.construct(ContainerImpl.java:431)
	at com.opensymphony.xwork2.inject.ContainerBuilder$5.create(ContainerBuilder.java:207)
	at com.opensymphony.xwork2.inject.Scope$2$1.create(Scope.java:51)
	at com.opensymphony.xwork2.inject.ContainerImpl$ParameterInjector.inject(ContainerImpl.java:462)
	at com.opensymphony.xwork2.inject.ContainerImpl.getParameters(ContainerImpl.java:477)
	at com.opensymphony.xwork2.inject.ContainerImpl.access$000(ContainerImpl.java:34)
	at com.opensymphony.xwork2.inject.ContainerImpl$MethodInjector.inject(ContainerImpl.java:293)
	... 28 more
Caused by: java.lang.reflect.InvocationTargetException
	at sun.reflect.NativeMethodAccessorImpl.invoke0(Native Method)
	at sun.reflect.NativeMethodAccessorImpl.invoke(Unknown Source)
	at sun.reflect.DelegatingMethodAccessorImpl.invoke(Unknown Source)
	at java.lang.reflect.Method.invoke(Unknown Source)
	at com.opensymphony.xwork2.inject.ContainerImpl$MethodInjector.inject(ContainerImpl.java:293)
	... 35 more
Caused by: java.lang.NullPointerException
	at org.apache.struts2.views.freemarker.FreemarkerManager.setContainer(FreemarkerManager.java:222)
	... 40 more
[HWRS] com.opensymphony.xwork2.util.logging.commons.CommonsLogger.error(CommonsLogger.java:27) 15-04-04 13:58:12 ERROR dispatcher.Dispatcher: Dispatcher initialization failed
java.lang.RuntimeException: java.lang.RuntimeException: java.lang.reflect.InvocationTargetException
	at com.opensymphony.xwork2.inject.ContainerImpl$MethodInjector.inject(ContainerImpl.java:295)
	at com.opensymphony.xwork2.inject.ContainerImpl$2.call(ContainerImpl.java:104)
	at com.opensymphony.xwork2.inject.ContainerImpl$2.call(ContainerImpl.java:101)
	at com.opensymphony.xwork2.inject.ContainerImpl.callInContext(ContainerImpl.java:574)
	at com.opensymphony.xwork2.inject.ContainerImpl.injectStatics(ContainerImpl.java:101)
	at com.opensymphony.xwork2.inject.ContainerBuilder.create(ContainerBuilder.java:493)
	at com.opensymphony.xwork2.config.impl.DefaultConfiguration.reloadContainer(DefaultConfiguration.java:184)
	at com.opensymphony.xwork2.config.ConfigurationManager.getConfiguration(ConfigurationManager.java:55)
	at org.apache.struts2.dispatcher.Dispatcher.getContainer(Dispatcher.java:967)
	at org.apache.struts2.dispatcher.Dispatcher.init_PreloadConfiguration(Dispatcher.java:435)
	at org.apache.struts2.dispatcher.Dispatcher.init(Dispatcher.java:479)
	at org.apache.struts2.dispatcher.ng.InitOperations.initDispatcher(InitOperations.java:74)
	at org.apache.struts2.dispatcher.ng.filter.StrutsPrepareAndExecuteFilter.init(StrutsPrepareAndExecuteFilter.java:57)
	at org.apache.catalina.core.ApplicationFilterConfig.initFilter(ApplicationFilterConfig.java:279)
	at org.apache.catalina.core.ApplicationFilterConfig.getFilter(ApplicationFilterConfig.java:260)
	at org.apache.catalina.core.ApplicationFilterConfig.<init>(ApplicationFilterConfig.java:105)
	at org.apache.catalina.core.StandardContext.filterStart(StandardContext.java:4640)
	at org.apache.catalina.core.StandardContext.startInternal(StandardContext.java:5247)
	at org.apache.catalina.util.LifecycleBase.start(LifecycleBase.java:150)
	at org.apache.catalina.core.ContainerBase.addChildInternal(ContainerBase.java:724)
	at org.apache.catalina.core.ContainerBase.addChild(ContainerBase.java:700)
	at org.apache.catalina.core.StandardHost.addChild(StandardHost.java:714)
	at org.apache.catalina.startup.HostConfig.deployDescriptor(HostConfig.java:581)
	at org.apache.catalina.startup.HostConfig$DeployDescriptor.run(HostConfig.java:1685)
	at java.util.concurrent.Executors$RunnableAdapter.call(Unknown Source)
	at java.util.concurrent.FutureTask.run(Unknown Source)
	at java.util.concurrent.ThreadPoolExecutor.runWorker(Unknown Source)
	at java.util.concurrent.ThreadPoolExecutor$Worker.run(Unknown Source)
	at java.lang.Thread.run(Unknown Source)
Caused by: java.lang.RuntimeException: java.lang.reflect.InvocationTargetException
	at com.opensymphony.xwork2.inject.ContainerImpl$MethodInjector.inject(ContainerImpl.java:295)
	at com.opensymphony.xwork2.inject.ContainerImpl$ConstructorInjector.construct(ContainerImpl.java:431)
	at com.opensymphony.xwork2.inject.ContainerBuilder$5.create(ContainerBuilder.java:207)
	at com.opensymphony.xwork2.inject.Scope$2$1.create(Scope.java:51)
	at com.opensymphony.xwork2.inject.ContainerImpl$ParameterInjector.inject(ContainerImpl.java:462)
	at com.opensymphony.xwork2.inject.ContainerImpl.getParameters(ContainerImpl.java:477)
	at com.opensymphony.xwork2.inject.ContainerImpl.access$000(ContainerImpl.java:34)
	at com.opensymphony.xwork2.inject.ContainerImpl$MethodInjector.inject(ContainerImpl.java:293)
	... 28 more
Caused by: java.lang.reflect.InvocationTargetException
	at sun.reflect.NativeMethodAccessorImpl.invoke0(Native Method)
	at sun.reflect.NativeMethodAccessorImpl.invoke(Unknown Source)
	at sun.reflect.DelegatingMethodAccessorImpl.invoke(Unknown Source)
	at java.lang.reflect.Method.invoke(Unknown Source)
	at com.opensymphony.xwork2.inject.ContainerImpl$MethodInjector.inject(ContainerImpl.java:293)
	... 35 more
Caused by: java.lang.NullPointerException
	at org.apache.struts2.views.freemarker.FreemarkerManager.setContainer(FreemarkerManager.java:222)
	... 40 more
[HWRS] com.opensymphony.xwork2.util.logging.commons.CommonsLogger.error(CommonsLogger.java:27) 15-04-04 14:04:00 ERROR dispatcher.Dispatcher: Dispatcher initialization failed
java.lang.RuntimeException: java.lang.RuntimeException: java.lang.reflect.InvocationTargetException
	at com.opensymphony.xwork2.inject.ContainerImpl$MethodInjector.inject(ContainerImpl.java:295)
	at com.opensymphony.xwork2.inject.ContainerImpl$2.call(ContainerImpl.java:104)
	at com.opensymphony.xwork2.inject.ContainerImpl$2.call(ContainerImpl.java:101)
	at com.opensymphony.xwork2.inject.ContainerImpl.callInContext(ContainerImpl.java:574)
	at com.opensymphony.xwork2.inject.ContainerImpl.injectStatics(ContainerImpl.java:101)
	at com.opensymphony.xwork2.inject.ContainerBuilder.create(ContainerBuilder.java:493)
	at com.opensymphony.xwork2.config.impl.DefaultConfiguration.reloadContainer(DefaultConfiguration.java:184)
	at com.opensymphony.xwork2.config.ConfigurationManager.getConfiguration(ConfigurationManager.java:55)
	at org.apache.struts2.dispatcher.Dispatcher.getContainer(Dispatcher.java:967)
	at org.apache.struts2.dispatcher.Dispatcher.init_PreloadConfiguration(Dispatcher.java:435)
	at org.apache.struts2.dispatcher.Dispatcher.init(Dispatcher.java:479)
	at org.apache.struts2.dispatcher.ng.InitOperations.initDispatcher(InitOperations.java:74)
	at org.apache.struts2.dispatcher.ng.filter.StrutsPrepareAndExecuteFilter.init(StrutsPrepareAndExecuteFilter.java:57)
	at org.apache.catalina.core.ApplicationFilterConfig.initFilter(ApplicationFilterConfig.java:279)
	at org.apache.catalina.core.ApplicationFilterConfig.getFilter(ApplicationFilterConfig.java:260)
	at org.apache.catalina.core.ApplicationFilterConfig.<init>(ApplicationFilterConfig.java:105)
	at org.apache.catalina.core.StandardContext.filterStart(StandardContext.java:4640)
	at org.apache.catalina.core.StandardContext.startInternal(StandardContext.java:5247)
	at org.apache.catalina.util.LifecycleBase.start(LifecycleBase.java:150)
	at org.apache.catalina.core.ContainerBase.addChildInternal(ContainerBase.java:724)
	at org.apache.catalina.core.ContainerBase.addChild(ContainerBase.java:700)
	at org.apache.catalina.core.StandardHost.addChild(StandardHost.java:714)
	at org.apache.catalina.startup.HostConfig.deployDescriptor(HostConfig.java:581)
	at org.apache.catalina.startup.HostConfig$DeployDescriptor.run(HostConfig.java:1685)
	at java.util.concurrent.Executors$RunnableAdapter.call(Unknown Source)
	at java.util.concurrent.FutureTask.run(Unknown Source)
	at java.util.concurrent.ThreadPoolExecutor.runWorker(Unknown Source)
	at java.util.concurrent.ThreadPoolExecutor$Worker.run(Unknown Source)
	at java.lang.Thread.run(Unknown Source)
Caused by: java.lang.RuntimeException: java.lang.reflect.InvocationTargetException
	at com.opensymphony.xwork2.inject.ContainerImpl$MethodInjector.inject(ContainerImpl.java:295)
	at com.opensymphony.xwork2.inject.ContainerImpl$ConstructorInjector.construct(ContainerImpl.java:431)
	at com.opensymphony.xwork2.inject.ContainerBuilder$5.create(ContainerBuilder.java:207)
	at com.opensymphony.xwork2.inject.Scope$2$1.create(Scope.java:51)
	at com.opensymphony.xwork2.inject.ContainerImpl$ParameterInjector.inject(ContainerImpl.java:462)
	at com.opensymphony.xwork2.inject.ContainerImpl.getParameters(ContainerImpl.java:477)
	at com.opensymphony.xwork2.inject.ContainerImpl.access$000(ContainerImpl.java:34)
	at com.opensymphony.xwork2.inject.ContainerImpl$MethodInjector.inject(ContainerImpl.java:293)
	... 28 more
Caused by: java.lang.reflect.InvocationTargetException
	at sun.reflect.NativeMethodAccessorImpl.invoke0(Native Method)
	at sun.reflect.NativeMethodAccessorImpl.invoke(Unknown Source)
	at sun.reflect.DelegatingMethodAccessorImpl.invoke(Unknown Source)
	at java.lang.reflect.Method.invoke(Unknown Source)
	at com.opensymphony.xwork2.inject.ContainerImpl$MethodInjector.inject(ContainerImpl.java:293)
	... 35 more
Caused by: java.lang.NullPointerException
	at org.apache.struts2.views.freemarker.FreemarkerManager.setContainer(FreemarkerManager.java:222)
	... 40 more
[HWRS] com.opensymphony.xwork2.util.logging.commons.CommonsLogger.error(CommonsLogger.java:42) 15-04-04 14:09:04 ERROR dispatcher.Dispatcher: Dispatcher initialization failed
Unable to load configuration. - bean - jar:file:/C:/Users/Bowem/workspace/HistoricalWeatherReportingSystem/WebContent/WEB-INF/lib/struts2-gxp-plugin-2.3.20.jar!/struts-plugin.xml:8:162
	at com.opensymphony.xwork2.config.ConfigurationManager.getConfiguration(ConfigurationManager.java:70)
	at org.apache.struts2.dispatcher.Dispatcher.getContainer(Dispatcher.java:967)
	at org.apache.struts2.dispatcher.Dispatcher.init_PreloadConfiguration(Dispatcher.java:435)
	at org.apache.struts2.dispatcher.Dispatcher.init(Dispatcher.java:479)
	at org.apache.struts2.dispatcher.ng.InitOperations.initDispatcher(InitOperations.java:74)
	at org.apache.struts2.dispatcher.ng.filter.StrutsPrepareAndExecuteFilter.init(StrutsPrepareAndExecuteFilter.java:57)
	at org.apache.catalina.core.ApplicationFilterConfig.initFilter(ApplicationFilterConfig.java:279)
	at org.apache.catalina.core.ApplicationFilterConfig.getFilter(ApplicationFilterConfig.java:260)
	at org.apache.catalina.core.ApplicationFilterConfig.<init>(ApplicationFilterConfig.java:105)
	at org.apache.catalina.core.StandardContext.filterStart(StandardContext.java:4640)
	at org.apache.catalina.core.StandardContext.startInternal(StandardContext.java:5247)
	at org.apache.catalina.util.LifecycleBase.start(LifecycleBase.java:150)
	at org.apache.catalina.core.ContainerBase.addChildInternal(ContainerBase.java:724)
	at org.apache.catalina.core.ContainerBase.addChild(ContainerBase.java:700)
	at org.apache.catalina.core.StandardHost.addChild(StandardHost.java:714)
	at org.apache.catalina.startup.HostConfig.deployDescriptor(HostConfig.java:581)
	at org.apache.catalina.startup.HostConfig$DeployDescriptor.run(HostConfig.java:1685)
	at java.util.concurrent.Executors$RunnableAdapter.call(Unknown Source)
	at java.util.concurrent.FutureTask.run(Unknown Source)
	at java.util.concurrent.ThreadPoolExecutor.runWorker(Unknown Source)
	at java.util.concurrent.ThreadPoolExecutor$Worker.run(Unknown Source)
	at java.lang.Thread.run(Unknown Source)
Caused by: Unable to load bean: type:org.apache.struts2.views.gxp.inject.InjectedObjectContainer class:org.apache.struts2.views.gxp.inject.InjectedObjectContainer - bean - jar:file:/C:/Users/Bowem/workspace/HistoricalWeatherReportingSystem/WebContent/WEB-INF/lib/struts2-gxp-plugin-2.3.20.jar!/struts-plugin.xml:8:162
	at com.opensymphony.xwork2.config.providers.XmlConfigurationProvider.register(XmlConfigurationProvider.java:247)
	at org.apache.struts2.config.StrutsXmlConfigurationProvider.register(StrutsXmlConfigurationProvider.java:102)
	at com.opensymphony.xwork2.config.impl.DefaultConfiguration.reloadContainer(DefaultConfiguration.java:240)
	at com.opensymphony.xwork2.config.ConfigurationManager.getConfiguration(ConfigurationManager.java:67)
	... 21 more
Caused by: java.lang.ClassNotFoundException: org.apache.struts2.views.gxp.inject.InjectedObjectContainer
	at org.apache.catalina.loader.WebappClassLoaderBase.loadClass(WebappClassLoaderBase.java:1293)
	at org.apache.catalina.loader.WebappClassLoaderBase.loadClass(WebappClassLoaderBase.java:1145)
	at com.opensymphony.xwork2.util.ClassLoaderUtil.loadClass(ClassLoaderUtil.java:152)
	at com.opensymphony.xwork2.config.providers.XmlConfigurationProvider.register(XmlConfigurationProvider.java:218)
	... 24 more
[HWRS] com.opensymphony.xwork2.util.logging.commons.CommonsLogger.error(CommonsLogger.java:42) 15-04-04 14:15:45 ERROR dispatcher.Dispatcher: Dispatcher initialization failed
Unable to load configuration. - bean - jar:file:/C:/Users/Bowem/workspace/HistoricalWeatherReportingSystem/WebContent/WEB-INF/lib/struts2-gxp-plugin-2.3.20.jar!/struts-plugin.xml:8:162
	at com.opensymphony.xwork2.config.ConfigurationManager.getConfiguration(ConfigurationManager.java:70)
	at org.apache.struts2.dispatcher.Dispatcher.getContainer(Dispatcher.java:967)
	at org.apache.struts2.dispatcher.Dispatcher.init_PreloadConfiguration(Dispatcher.java:435)
	at org.apache.struts2.dispatcher.Dispatcher.init(Dispatcher.java:479)
	at org.apache.struts2.dispatcher.ng.InitOperations.initDispatcher(InitOperations.java:74)
	at org.apache.struts2.dispatcher.ng.filter.StrutsPrepareAndExecuteFilter.init(StrutsPrepareAndExecuteFilter.java:57)
	at org.apache.catalina.core.ApplicationFilterConfig.initFilter(ApplicationFilterConfig.java:279)
	at org.apache.catalina.core.ApplicationFilterConfig.getFilter(ApplicationFilterConfig.java:260)
	at org.apache.catalina.core.ApplicationFilterConfig.<init>(ApplicationFilterConfig.java:105)
	at org.apache.catalina.core.StandardContext.filterStart(StandardContext.java:4640)
	at org.apache.catalina.core.StandardContext.startInternal(StandardContext.java:5247)
	at org.apache.catalina.util.LifecycleBase.start(LifecycleBase.java:150)
	at org.apache.catalina.core.ContainerBase.addChildInternal(ContainerBase.java:724)
	at org.apache.catalina.core.ContainerBase.addChild(ContainerBase.java:700)
	at org.apache.catalina.core.StandardHost.addChild(StandardHost.java:714)
	at org.apache.catalina.startup.HostConfig.deployDescriptor(HostConfig.java:581)
	at org.apache.catalina.startup.HostConfig$DeployDescriptor.run(HostConfig.java:1685)
	at java.util.concurrent.Executors$RunnableAdapter.call(Unknown Source)
	at java.util.concurrent.FutureTask.run(Unknown Source)
	at java.util.concurrent.ThreadPoolExecutor.runWorker(Unknown Source)
	at java.util.concurrent.ThreadPoolExecutor$Worker.run(Unknown Source)
	at java.lang.Thread.run(Unknown Source)
Caused by: Unable to load bean: type:org.apache.struts2.views.gxp.inject.InjectedObjectContainer class:org.apache.struts2.views.gxp.inject.InjectedObjectContainer - bean - jar:file:/C:/Users/Bowem/workspace/HistoricalWeatherReportingSystem/WebContent/WEB-INF/lib/struts2-gxp-plugin-2.3.20.jar!/struts-plugin.xml:8:162
	at com.opensymphony.xwork2.config.providers.XmlConfigurationProvider.register(XmlConfigurationProvider.java:247)
	at org.apache.struts2.config.StrutsXmlConfigurationProvider.register(StrutsXmlConfigurationProvider.java:102)
	at com.opensymphony.xwork2.config.impl.DefaultConfiguration.reloadContainer(DefaultConfiguration.java:240)
	at com.opensymphony.xwork2.config.ConfigurationManager.getConfiguration(ConfigurationManager.java:67)
	... 21 more
Caused by: java.lang.ClassNotFoundException: org.apache.struts2.views.gxp.inject.InjectedObjectContainer
	at org.apache.catalina.loader.WebappClassLoaderBase.loadClass(WebappClassLoaderBase.java:1293)
	at org.apache.catalina.loader.WebappClassLoaderBase.loadClass(WebappClassLoaderBase.java:1145)
	at com.opensymphony.xwork2.util.ClassLoaderUtil.loadClass(ClassLoaderUtil.java:152)
	at com.opensymphony.xwork2.config.providers.XmlConfigurationProvider.register(XmlConfigurationProvider.java:218)
	... 24 more
